Determining if the pthread_create exist failed with the following output:
Change Dir: /home/suse/Zubax/ZubaxTest/Task1/CMakeFiles/CMakeTmp

Run Build Command:"/usr/bin/make" "cmTC_39643/fast"
/usr/bin/make -f CMakeFiles/cmTC_39643.dir/build.make CMakeFiles/cmTC_39643.dir/build
make[1]: Entering directory '/home/suse/Zubax/ZubaxTest/Task1/CMakeFiles/CMakeTmp'
Building C object CMakeFiles/cmTC_39643.dir/CheckSymbolExists.c.o
/usr/bin/cc     -o CMakeFiles/cmTC_39643.dir/CheckSymbolExists.c.o   -c /home/suse/Zubax/ZubaxTest/Task1/CMakeFiles/CMakeTmp/CheckSymbolExists.c
Linking C executable cmTC_39643
/usr/bin/cmake -E cmake_link_script CMakeFiles/cmTC_39643.dir/link.txt --verbose=1
/usr/bin/cc       CMakeFiles/cmTC_39643.dir/CheckSymbolExists.c.o  -o cmTC_39643 -rdynamic 
CMakeFiles/cmTC_39643.dir/CheckSymbolExists.c.o: In function `main':
CheckSymbolExists.c:(.text+0x16): undefined reference to `pthread_create'
collect2: error: ld returned 1 exit status
CMakeFiles/cmTC_39643.dir/build.make:97: recipe for target 'cmTC_39643' failed
make[1]: *** [cmTC_39643] Error 1
make[1]: Leaving directory '/home/suse/Zubax/ZubaxTest/Task1/CMakeFiles/CMakeTmp'
Makefile:126: recipe for target 'cmTC_39643/fast' failed
make: *** [cmTC_39643/fast] Error 2

File /home/suse/Zubax/ZubaxTest/Task1/CMakeFiles/CMakeTmp/CheckSymbolExists.c:
/* */
#include <pthread.h>

int main(int argc, char** argv)
{
  (void)argv;
#ifndef pthread_create
  return ((int*)(&pthread_create))[argc];
#else
  (void)argc;
  return 0;
#endif
}

Determining if the function pthread_create exists in the pthreads failed with the following output:
Change Dir: /home/suse/Zubax/ZubaxTest/Task1/CMakeFiles/CMakeTmp

Run Build Command:"/usr/bin/make" "cmTC_c30f8/fast"
/usr/bin/make -f CMakeFiles/cmTC_c30f8.dir/build.make CMakeFiles/cmTC_c30f8.dir/build
make[1]: Entering directory '/home/suse/Zubax/ZubaxTest/Task1/CMakeFiles/CMakeTmp'
Building C object CMakeFiles/cmTC_c30f8.dir/CheckFunctionExists.c.o
/usr/bin/cc    -DCHECK_FUNCTION_EXISTS=pthread_create   -o CMakeFiles/cmTC_c30f8.dir/CheckFunctionExists.c.o   -c /usr/share/cmake-3.5/Modules/CheckFunctionExists.c
Linking C executable cmTC_c30f8
/usr/bin/cmake -E cmake_link_script CMakeFiles/cmTC_c30f8.dir/link.txt --verbose=1
/usr/bin/cc   -DCHECK_FUNCTION_EXISTS=pthread_create    CMakeFiles/cmTC_c30f8.dir/CheckFunctionExists.c.o  -o cmTC_c30f8 -rdynamic -lpthreads 
/usr/bin/ld: cannot find -lpthreads
collect2: error: ld returned 1 exit status
CMakeFiles/cmTC_c30f8.dir/build.make:97: recipe for target 'cmTC_c30f8' failed
make[1]: *** [cmTC_c30f8] Error 1
make[1]: Leaving directory '/home/suse/Zubax/ZubaxTest/Task1/CMakeFiles/CMakeTmp'
Makefile:126: recipe for target 'cmTC_c30f8/fast' failed
make: *** [cmTC_c30f8/fast] Error 2


